<?xml version="1.0" encoding="UTF-8"?>
<!-- Generated by org.testng.reporters.JUnitXMLReporter -->
<testsuite ignored="0" hostname="LAPTOP-S72SDUNT" failures="0" tests="3" name="Default test" time="22.096" errors="0" timestamp="2023-10-20T09:00:47 IST">
  <testcase classname="advance_Selenium.DataProviderOnFB" name="toLogin" time="8.472"/>
  <testcase classname="advance_Selenium.DataProviderOnFB" name="toLogin" time="6.921"/>
  <testcase classname="advance_Selenium.DataProviderOnFB" name="toLogin" time="6.627"/>
</testsuite> <!-- Default test -->
