<?xml version="1.0" encoding="UTF-8"?>
<!-- Generated by org.testng.reporters.JUnitXMLReporter -->
<testsuite ignored="0" hostname="LAPTOP-S72SDUNT" failures="0" tests="3" name="Test" time="60.842" errors="0" timestamp="2023-10-19T18:43:55 IST">
  <testcase classname="advance_Selenium.TC_AC_001" name="toCheckTasklist" time="6.97"/>
  <testcase classname="advance_Selenium.TC_AT_003" name="toCheckUsers" time="6.804"/>
  <testcase classname="advance_Selenium.TC_AT_002" name="toCheckReports" time="8.626"/>
</testsuite> <!-- Test -->
