<?xml version="1.0" encoding="UTF-8"?>
<testng-results ignored="0" total="3" passed="3" failed="0" skipped="0">
  <reporter-output>
  </reporter-output>
  <suite started-at="2023-10-20T09:00:24 IST" name="Default suite" finished-at="2023-10-20T09:00:47 IST" duration-ms="22096">
    <groups>
    </groups>
    <test started-at="2023-10-20T09:00:24 IST" name="Default test" finished-at="2023-10-20T09:00:47 IST" duration-ms="22096">
      <class name="advance_Selenium.DataProviderOnFB">
        <test-method signature="toLogin([Ljava.lang.String;)[pri:0, instance:advance_Selenium.DataProviderOnFB@1700915]" started-at="2023-10-20T09:00:25 IST" name="toLogin" data-provider="cred" finished-at="2023-10-20T09:00:33 IST" duration-ms="8472" status="PASS">
          <params>
            <param index="0">
              <value>
                <![CDATA[[Ljava.lang.String;@f202d6d]]>
              </value>
            </param>
          </params>
          <reporter-output>
          </reporter-output>
        </test-method> <!-- toLogin -->
        <test-method signature="toLogin([Ljava.lang.String;)[pri:0, instance:advance_Selenium.DataProviderOnFB@1700915]" started-at="2023-10-20T09:00:33 IST" name="toLogin" data-provider="cred" finished-at="2023-10-20T09:00:40 IST" duration-ms="6921" status="PASS">
          <params>
            <param index="0">
              <value>
                <![CDATA[[Ljava.lang.String;@630d1b2f]]>
              </value>
            </param>
          </params>
          <reporter-output>
          </reporter-output>
        </test-method> <!-- toLogin -->
        <test-method signature="toLogin([Ljava.lang.String;)[pri:0, instance:advance_Selenium.DataProviderOnFB@1700915]" started-at="2023-10-20T09:00:40 IST" name="toLogin" data-provider="cred" finished-at="2023-10-20T09:00:47 IST" duration-ms="6627" status="PASS">
          <params>
            <param index="0">
              <value>
                <![CDATA[[Ljava.lang.String;@60e21209]]>
              </value>
            </param>
          </params>
          <reporter-output>
          </reporter-output>
        </test-method> <!-- toLogin -->
      </class> <!-- advance_Selenium.DataProviderOnFB -->
    </test> <!-- Default test -->
  </suite> <!-- Default suite -->
</testng-results>
